{"/Users/macbook/grantfox/grydlock-extension/src/adapter/oracleAdapter.ts": {"path":"/Users/macbook/grantfox/grydlock-extension/src/adapter/oracleAdapter.ts","all":false,"statementMap":{"5":{"start":{"line":6,"column":0},"end":{"line":6,"column":70}},"6":{"start":{"line":7,"column":0},"end":{"line":7,"column":58}},"7":{"start":{"line":8,"column":0},"end":{"line":8,"column":34}},"8":{"start":{"line":9,"column":0},"end":{"line":9,"column":1}},"10":{"start":{"line":11,"column":0},"end":{"line":11,"column":52}},"11":{"start":{"line":12,"column":0},"end":{"line":12,"column":14}},"12":{"start":{"line":13,"column":0},"end":{"line":13,"column":48}},"13":{"start":{"line":14,"column":0},"end":{"line":14,"column":56}},"14":{"start":{"line":15,"column":0},"end":{"line":15,"column":3}},"15":{"start":{"line":16,"column":0},"end":{"line":16,"column":19}},"16":{"start":{"line":17,"column":0},"end":{"line":17,"column":1}}},"s":{"5":3,"6":3,"7":3,"8":3,"10":3,"11":3,"12":3,"13":31,"14":31,"15":3,"16":3},"branchMap":{"0":{"type":"branch","line":6,"loc":{"start":{"line":6,"column":0},"end":{"line":9,"column":1}},"locations":[{"start":{"line":6,"column":0},"end":{"line":9,"column":1}}]},"1":{"type":"branch","line":7,"loc":{"start":{"line":7,"column":20},"end":{"line":7,"column":57}},"locations":[{"start":{"line":7,"column":20},"end":{"line":7,"column":57}}]},"2":{"type":"branch","line":11,"loc":{"start":{"line":11,"column":0},"end":{"line":17,"column":1}},"locations":[{"start":{"line":11,"column":0},"end":{"line":17,"column":1}}]},"3":{"type":"branch","line":13,"loc":{"start":{"line":13,"column":47},"end":{"line":15,"column":3}},"locations":[{"start":{"line":13,"column":47},"end":{"line":15,"column":3}}]}},"b":{"0":[3],"1":[3],"2":[3],"3":[31]},"fnMap":{"0":{"name":"getScore","decl":{"start":{"line":6,"column":0},"end":{"line":9,"column":1}},"loc":{"start":{"line":6,"column":0},"end":{"line":9,"column":1}},"line":6},"1":{"name":"stubScoreFor","decl":{"start":{"line":11,"column":0},"end":{"line":17,"column":1}},"loc":{"start":{"line":11,"column":0},"end":{"line":17,"column":1}},"line":11}},"f":{"0":3,"1":3}}
,"/Users/macbook/grantfox/grydlock-extension/src/decode/decodeTransaction.ts": {"path":"/Users/macbook/grantfox/grydlock-extension/src/decode/decodeTransaction.ts","all":false,"statementMap":{"0":{"start":{"line":1,"column":0},"end":{"line":1,"column":94}},"1":{"start":{"line":14,"column":0},"end":{"line":14,"column":67}},"2":{"start":{"line":15,"column":0},"end":{"line":15,"column":50}},"3":{"start":{"line":16,"column":0},"end":{"line":16,"column":50}},"4":{"start":{"line":17,"column":0},"end":{"line":17,"column":1}},"5":{"start":{"line":26,"column":0},"end":{"line":26,"column":70}},"6":{"start":{"line":27,"column":0},"end":{"line":27,"column":20}},"7":{"start":{"line":28,"column":0},"end":{"line":28,"column":19}},"8":{"start":{"line":29,"column":0},"end":{"line":29,"column":76}},"9":{"start":{"line":30,"column":0},"end":{"line":30,"column":33}},"10":{"start":{"line":31,"column":0},"end":{"line":31,"column":36}},"11":{"start":{"line":32,"column":0},"end":{"line":32,"column":80}},"12":{"start":{"line":33,"column":0},"end":{"line":33,"column":25}},"13":{"start":{"line":34,"column":0},"end":{"line":34,"column":47}},"14":{"start":{"line":35,"column":0},"end":{"line":35,"column":34}},"15":{"start":{"line":36,"column":0},"end":{"line":36,"column":14}},"16":{"start":{"line":37,"column":0},"end":{"line":37,"column":75}},"17":{"start":{"line":38,"column":0},"end":{"line":38,"column":36}},"18":{"start":{"line":39,"column":0},"end":{"line":39,"column":7}},"19":{"start":{"line":40,"column":0},"end":{"line":40,"column":33}},"20":{"start":{"line":41,"column":0},"end":{"line":41,"column":45}},"21":{"start":{"line":42,"column":0},"end":{"line":42,"column":12}},"22":{"start":{"line":43,"column":0},"end":{"line":43,"column":33}},"23":{"start":{"line":44,"column":0},"end":{"line":44,"column":3}},"24":{"start":{"line":45,"column":0},"end":{"line":45,"column":1}},"25":{"start":{"line":55,"column":0},"end":{"line":55,"column":35}},"26":{"start":{"line":56,"column":0},"end":{"line":56,"column":14}},"27":{"start":{"line":57,"column":0},"end":{"line":57,"column":47}},"28":{"start":{"line":58,"column":0},"end":{"line":58,"column":30}},"29":{"start":{"line":59,"column":0},"end":{"line":59,"column":12}},"30":{"start":{"line":60,"column":0},"end":{"line":60,"column":7}},"31":{"start":{"line":61,"column":0},"end":{"line":61,"column":63}},"32":{"start":{"line":62,"column":0},"end":{"line":62,"column":11}},"33":{"start":{"line":63,"column":0},"end":{"line":63,"column":15}},"34":{"start":{"line":64,"column":0},"end":{"line":64,"column":3}},"35":{"start":{"line":66,"column":0},"end":{"line":66,"column":84}},"36":{"start":{"line":67,"column":0},"end":{"line":67,"column":40}},"37":{"start":{"line":68,"column":0},"end":{"line":68,"column":31}},"38":{"start":{"line":70,"column":0},"end":{"line":70,"column":35}},"39":{"start":{"line":71,"column":0},"end":{"line":71,"column":40}},"40":{"start":{"line":72,"column":0},"end":{"line":72,"column":52}},"41":{"start":{"line":73,"column":0},"end":{"line":73,"column":82}},"42":{"start":{"line":74,"column":0},"end":{"line":74,"column":26}},"43":{"start":{"line":75,"column":0},"end":{"line":75,"column":3}},"44":{"start":{"line":77,"column":0},"end":{"line":77,"column":32}},"45":{"start":{"line":78,"column":0},"end":{"line":78,"column":15}},"46":{"start":{"line":79,"column":0},"end":{"line":79,"column":3}},"47":{"start":{"line":81,"column":0},"end":{"line":81,"column":53}},"48":{"start":{"line":82,"column":0},"end":{"line":82,"column":1}}},"s":{"0":2,"1":13,"2":13,"3":2,"4":2,"5":16,"6":16,"7":16,"8":7,"9":16,"10":16,"11":1,"12":16,"13":0,"14":16,"15":5,"16":5,"17":5,"18":5,"19":16,"20":2,"21":16,"22":1,"23":16,"24":16,"25":2,"26":13,"27":13,"28":13,"29":13,"30":13,"31":13,"32":13,"33":1,"34":1,"35":13,"36":13,"37":13,"38":13,"39":16,"40":16,"41":16,"42":15,"43":15,"44":13,"45":4,"46":4,"47":8,"48":8},"branchMap":{"0":{"type":"branch","line":14,"loc":{"start":{"line":14,"column":0},"end":{"line":17,"column":1}},"locations":[{"start":{"line":14,"column":0},"end":{"line":17,"column":1}}]},"1":{"type":"branch","line":15,"loc":{"start":{"line":15,"column":34},"end":{"line":15,"column":50}},"locations":[{"start":{"line":15,"column":34},"end":{"line":15,"column":50}}]},"2":{"type":"branch","line":15,"loc":{"start":{"line":15,"column":41},"end":{"line":17,"column":1}},"locations":[{"start":{"line":15,"column":41},"end":{"line":17,"column":1}}]},"3":{"type":"branch","line":26,"loc":{"start":{"line":26,"column":0},"end":{"line":45,"column":1}},"locations":[{"start":{"line":26,"column":0},"end":{"line":45,"column":1}}]},"4":{"type":"branch","line":28,"loc":{"start":{"line":28,"column":4},"end":{"line":29,"column":76}},"locations":[{"start":{"line":28,"column":4},"end":{"line":29,"column":76}}]},"5":{"type":"branch","line":30,"loc":{"start":{"line":30,"column":4},"end":{"line":30,"column":33}},"locations":[{"start":{"line":30,"column":4},"end":{"line":30,"column":33}}]},"6":{"type":"branch","line":31,"loc":{"start":{"line":31,"column":4},"end":{"line":32,"column":80}},"locations":[{"start":{"line":31,"column":4},"end":{"line":32,"column":80}}]},"7":{"type":"branch","line":33,"loc":{"start":{"line":33,"column":4},"end":{"line":34,"column":47}},"locations":[{"start":{"line":33,"column":4},"end":{"line":34,"column":47}}]},"8":{"type":"branch","line":35,"loc":{"start":{"line":35,"column":4},"end":{"line":39,"column":7}},"locations":[{"start":{"line":35,"column":4},"end":{"line":39,"column":7}}]},"9":{"type":"branch","line":40,"loc":{"start":{"line":40,"column":4},"end":{"line":41,"column":45}},"locations":[{"start":{"line":40,"column":4},"end":{"line":41,"column":45}}]},"10":{"type":"branch","line":42,"loc":{"start":{"line":42,"column":4},"end":{"line":43,"column":33}},"locations":[{"start":{"line":42,"column":4},"end":{"line":43,"column":33}}]},"11":{"type":"branch","line":37,"loc":{"start":{"line":37,"column":39},"end":{"line":37,"column":73}},"locations":[{"start":{"line":37,"column":39},"end":{"line":37,"column":73}}]},"12":{"type":"branch","line":55,"loc":{"start":{"line":55,"column":7},"end":{"line":82,"column":1}},"locations":[{"start":{"line":55,"column":7},"end":{"line":82,"column":1}}]},"13":{"type":"branch","line":62,"loc":{"start":{"line":62,"column":2},"end":{"line":64,"column":3}},"locations":[{"start":{"line":62,"column":2},"end":{"line":64,"column":3}}]},"14":{"type":"branch","line":64,"loc":{"start":{"line":64,"column":2},"end":{"line":66,"column":52}},"locations":[{"start":{"line":64,"column":2},"end":{"line":66,"column":52}}]},"15":{"type":"branch","line":66,"loc":{"start":{"line":66,"column":31},"end":{"line":66,"column":78}},"locations":[{"start":{"line":66,"column":31},"end":{"line":66,"column":78}}]},"16":{"type":"branch","line":66,"loc":{"start":{"line":66,"column":59},"end":{"line":66,"column":84}},"locations":[{"start":{"line":66,"column":59},"end":{"line":66,"column":84}}]},"17":{"type":"branch","line":70,"loc":{"start":{"line":70,"column":34},"end":{"line":75,"column":3}},"locations":[{"start":{"line":70,"column":34},"end":{"line":75,"column":3}}]},"18":{"type":"branch","line":72,"loc":{"start":{"line":72,"column":44},"end":{"line":72,"column":52}},"locations":[{"start":{"line":72,"column":44},"end":{"line":72,"column":52}}]},"19":{"type":"branch","line":72,"loc":{"start":{"line":72,"column":44},"end":{"line":73,"column":66}},"locations":[{"start":{"line":72,"column":44},"end":{"line":73,"column":66}}]},"20":{"type":"branch","line":73,"loc":{"start":{"line":73,"column":81},"end":{"line":75,"column":3}},"locations":[{"start":{"line":73,"column":81},"end":{"line":75,"column":3}}]},"21":{"type":"branch","line":75,"loc":{"start":{"line":75,"column":2},"end":{"line":77,"column":31}},"locations":[{"start":{"line":75,"column":2},"end":{"line":77,"column":31}}]},"22":{"type":"branch","line":77,"loc":{"start":{"line":77,"column":31},"end":{"line":79,"column":3}},"locations":[{"start":{"line":77,"column":31},"end":{"line":79,"column":3}}]},"23":{"type":"branch","line":79,"loc":{"start":{"line":79,"column":2},"end":{"line":82,"column":1}},"locations":[{"start":{"line":79,"column":2},"end":{"line":82,"column":1}}]}},"b":{"0":[13],"1":[11],"2":[2],"3":[16],"4":[7],"5":[1],"6":[1],"7":[0],"8":[5],"9":[2],"10":[1],"11":[6],"12":[13],"13":[1],"14":[12],"15":[0],"16":[12],"17":[16],"18":[1],"19":[15],"20":[15],"21":[12],"22":[4],"23":[8]},"fnMap":{"0":{"name":"assetLabel","decl":{"start":{"line":14,"column":0},"end":{"line":17,"column":1}},"loc":{"start":{"line":14,"column":0},"end":{"line":17,"column":1}},"line":14},"1":{"name":"destinationsFor","decl":{"start":{"line":26,"column":0},"end":{"line":45,"column":1}},"loc":{"start":{"line":26,"column":0},"end":{"line":45,"column":1}},"line":26},"2":{"name":"extractDestination","decl":{"start":{"line":55,"column":7},"end":{"line":82,"column":1}},"loc":{"start":{"line":55,"column":7},"end":{"line":82,"column":1}},"line":55}},"f":{"0":13,"1":16,"2":13}}
,"/Users/macbook/grantfox/grydlock-extension/src/intercept/resolveOutcome.ts": {"path":"/Users/macbook/grantfox/grydlock-extension/src/intercept/resolveOutcome.ts","all":false,"statementMap":{"14":{"start":{"line":15,"column":0},"end":{"line":15,"column":95}},"15":{"start":{"line":16,"column":0},"end":{"line":16,"column":46}},"16":{"start":{"line":17,"column":0},"end":{"line":17,"column":30}},"18":{"start":{"line":19,"column":0},"end":{"line":19,"column":56}},"19":{"start":{"line":20,"column":0},"end":{"line":20,"column":96}},"20":{"start":{"line":21,"column":0},"end":{"line":21,"column":1}}},"s":{"14":3,"15":3,"16":3,"18":2,"19":2,"20":2},"branchMap":{"0":{"type":"branch","line":15,"loc":{"start":{"line":15,"column":0},"end":{"line":21,"column":1}},"locations":[{"start":{"line":15,"column":0},"end":{"line":21,"column":1}}]},"1":{"type":"branch","line":17,"loc":{"start":{"line":17,"column":16},"end":{"line":17,"column":30}},"locations":[{"start":{"line":17,"column":16},"end":{"line":17,"column":30}}]},"2":{"type":"branch","line":17,"loc":{"start":{"line":17,"column":23},"end":{"line":21,"column":1}},"locations":[{"start":{"line":17,"column":23},"end":{"line":21,"column":1}}]}},"b":{"0":[3],"1":[1],"2":[2]},"fnMap":{"0":{"name":"resolveOutcome","decl":{"start":{"line":15,"column":0},"end":{"line":21,"column":1}},"loc":{"start":{"line":15,"column":0},"end":{"line":21,"column":1}},"line":15}},"f":{"0":3}}
,"/Users/macbook/grantfox/grydlock-extension/src/lib/tiers.ts": {"path":"/Users/macbook/grantfox/grydlock-extension/src/lib/tiers.ts","all":false,"statementMap":{"16":{"start":{"line":17,"column":0},"end":{"line":17,"column":55}},"17":{"start":{"line":18,"column":0},"end":{"line":18,"column":3}},"18":{"start":{"line":19,"column":0},"end":{"line":19,"column":12}},"19":{"start":{"line":20,"column":0},"end":{"line":20,"column":11}},"20":{"start":{"line":21,"column":0},"end":{"line":21,"column":18}},"21":{"start":{"line":22,"column":0},"end":{"line":22,"column":19}},"22":{"start":{"line":23,"column":0},"end":{"line":23,"column":55}},"23":{"start":{"line":24,"column":0},"end":{"line":24,"column":61}},"24":{"start":{"line":25,"column":0},"end":{"line":25,"column":16}},"25":{"start":{"line":26,"column":0},"end":{"line":26,"column":50}},"26":{"start":{"line":27,"column":0},"end":{"line":27,"column":6}},"27":{"start":{"line":28,"column":0},"end":{"line":28,"column":4}},"28":{"start":{"line":29,"column":0},"end":{"line":29,"column":3}},"29":{"start":{"line":30,"column":0},"end":{"line":30,"column":12}},"30":{"start":{"line":31,"column":0},"end":{"line":31,"column":11}},"31":{"start":{"line":32,"column":0},"end":{"line":32,"column":23}},"32":{"start":{"line":33,"column":0},"end":{"line":33,"column":24}},"33":{"start":{"line":34,"column":0},"end":{"line":34,"column":86}},"34":{"start":{"line":35,"column":0},"end":{"line":35,"column":61}},"35":{"start":{"line":36,"column":0},"end":{"line":36,"column":16}},"36":{"start":{"line":37,"column":0},"end":{"line":37,"column":70}},"37":{"start":{"line":38,"column":0},"end":{"line":38,"column":6}},"38":{"start":{"line":39,"column":0},"end":{"line":39,"column":4}},"39":{"start":{"line":40,"column":0},"end":{"line":40,"column":3}},"40":{"start":{"line":41,"column":0},"end":{"line":41,"column":12}},"41":{"start":{"line":42,"column":0},"end":{"line":42,"column":11}},"42":{"start":{"line":43,"column":0},"end":{"line":43,"column":19}},"43":{"start":{"line":44,"column":0},"end":{"line":44,"column":20}},"44":{"start":{"line":45,"column":0},"end":{"line":45,"column":86}},"45":{"start":{"line":46,"column":0},"end":{"line":46,"column":61}},"46":{"start":{"line":47,"column":0},"end":{"line":47,"column":16}},"47":{"start":{"line":48,"column":0},"end":{"line":48,"column":80}},"48":{"start":{"line":49,"column":0},"end":{"line":49,"column":6}},"49":{"start":{"line":50,"column":0},"end":{"line":50,"column":4}},"50":{"start":{"line":51,"column":0},"end":{"line":51,"column":3}},"51":{"start":{"line":52,"column":0},"end":{"line":52,"column":13}},"52":{"start":{"line":53,"column":0},"end":{"line":53,"column":11}},"53":{"start":{"line":54,"column":0},"end":{"line":54,"column":23}},"54":{"start":{"line":55,"column":0},"end":{"line":55,"column":24}},"55":{"start":{"line":56,"column":0},"end":{"line":56,"column":55}},"56":{"start":{"line":57,"column":0},"end":{"line":57,"column":61}},"57":{"start":{"line":58,"column":0},"end":{"line":58,"column":16}},"58":{"start":{"line":59,"column":0},"end":{"line":59,"column":88}},"59":{"start":{"line":60,"column":0},"end":{"line":60,"column":6}},"60":{"start":{"line":61,"column":0},"end":{"line":61,"column":4}},"61":{"start":{"line":62,"column":0},"end":{"line":62,"column":1}},"63":{"start":{"line":64,"column":0},"end":{"line":64,"column":55}},"64":{"start":{"line":65,"column":0},"end":{"line":65,"column":51}},"65":{"start":{"line":66,"column":0},"end":{"line":66,"column":55}},"66":{"start":{"line":67,"column":0},"end":{"line":67,"column":20}},"67":{"start":{"line":68,"column":0},"end":{"line":68,"column":1}}},"s":{"16":1,"17":1,"18":1,"19":1,"20":1,"21":1,"22":1,"23":1,"24":1,"25":1,"26":1,"27":1,"28":1,"29":1,"30":1,"31":1,"32":1,"33":1,"34":1,"35":1,"36":1,"37":1,"38":1,"39":1,"40":1,"41":1,"42":1,"43":1,"44":1,"45":1,"46":1,"47":1,"48":1,"49":1,"50":1,"51":1,"52":1,"53":1,"54":1,"55":1,"56":1,"57":1,"58":1,"59":1,"60":1,"61":1,"63":1,"64":43,"65":43,"66":43,"67":43},"branchMap":{"0":{"type":"branch","line":64,"loc":{"start":{"line":64,"column":7},"end":{"line":68,"column":1}},"locations":[{"start":{"line":64,"column":7},"end":{"line":68,"column":1}}]},"1":{"type":"branch","line":66,"loc":{"start":{"line":66,"column":27},"end":{"line":66,"column":54}},"locations":[{"start":{"line":66,"column":27},"end":{"line":66,"column":54}}]}},"b":{"0":[43],"1":[114]},"fnMap":{"0":{"name":"tierForScore","decl":{"start":{"line":64,"column":7},"end":{"line":68,"column":1}},"loc":{"start":{"line":64,"column":7},"end":{"line":68,"column":1}},"line":64}},"f":{"0":43}}
,"/Users/macbook/grantfox/grydlock-extension/src/popup/App.tsx": {"path":"/Users/macbook/grantfox/grydlock-extension/src/popup/App.tsx","all":false,"statementMap":{"0":{"start":{"line":1,"column":0},"end":{"line":1,"column":43}},"8":{"start":{"line":9,"column":0},"end":{"line":9,"column":89}},"9":{"start":{"line":10,"column":0},"end":{"line":10,"column":84}},"21":{"start":{"line":22,"column":0},"end":{"line":22,"column":31}},"22":{"start":{"line":23,"column":0},"end":{"line":23,"column":60}},"23":{"start":{"line":24,"column":0},"end":{"line":24,"column":62}},"24":{"start":{"line":25,"column":0},"end":{"line":25,"column":16}},"25":{"start":{"line":26,"column":0},"end":{"line":26,"column":44}},"26":{"start":{"line":27,"column":0},"end":{"line":27,"column":3}},"27":{"start":{"line":28,"column":0},"end":{"line":28,"column":43}},"28":{"start":{"line":29,"column":0},"end":{"line":29,"column":44}},"29":{"start":{"line":30,"column":0},"end":{"line":30,"column":3}},"30":{"start":{"line":31,"column":0},"end":{"line":31,"column":23}},"31":{"start":{"line":32,"column":0},"end":{"line":32,"column":1}},"33":{"start":{"line":34,"column":0},"end":{"line":34,"column":62}},"34":{"start":{"line":35,"column":0},"end":{"line":35,"column":30}},"35":{"start":{"line":36,"column":0},"end":{"line":36,"column":61}},"36":{"start":{"line":37,"column":0},"end":{"line":37,"column":3}},"38":{"start":{"line":39,"column":0},"end":{"line":39,"column":28}},"39":{"start":{"line":40,"column":0},"end":{"line":40,"column":12}},"40":{"start":{"line":41,"column":0},"end":{"line":41,"column":29}},"41":{"start":{"line":42,"column":0},"end":{"line":42,"column":67}},"42":{"start":{"line":43,"column":0},"end":{"line":43,"column":50}},"44":{"start":{"line":45,"column":0},"end":{"line":45,"column":17}},"45":{"start":{"line":46,"column":0},"end":{"line":46,"column":12}},"47":{"start":{"line":48,"column":0},"end":{"line":48,"column":3}},"49":{"start":{"line":50,"column":0},"end":{"line":50,"column":25}},"50":{"start":{"line":51,"column":0},"end":{"line":51,"column":12}},"51":{"start":{"line":52,"column":0},"end":{"line":52,"column":17}},"52":{"start":{"line":53,"column":0},"end":{"line":53,"column":13}},"53":{"start":{"line":54,"column":0},"end":{"line":54,"column":17}},"54":{"start":{"line":55,"column":0},"end":{"line":55,"column":12}},"55":{"start":{"line":56,"column":0},"end":{"line":56,"column":70}},"56":{"start":{"line":57,"column":0},"end":{"line":57,"column":34}},"58":{"start":{"line":59,"column":0},"end":{"line":59,"column":10}},"59":{"start":{"line":60,"column":0},"end":{"line":60,"column":16}},"60":{"start":{"line":61,"column":0},"end":{"line":61,"column":17}},"61":{"start":{"line":62,"column":0},"end":{"line":62,"column":19}},"62":{"start":{"line":63,"column":0},"end":{"line":63,"column":39}},"63":{"start":{"line":64,"column":0},"end":{"line":64,"column":25}},"64":{"start":{"line":65,"column":0},"end":{"line":65,"column":26}},"65":{"start":{"line":66,"column":0},"end":{"line":66,"column":18}},"66":{"start":{"line":67,"column":0},"end":{"line":67,"column":99}},"68":{"start":{"line":69,"column":0},"end":{"line":69,"column":6}},"70":{"start":{"line":71,"column":0},"end":{"line":71,"column":1}},"72":{"start":{"line":73,"column":0},"end":{"line":73,"column":65}},"73":{"start":{"line":74,"column":0},"end":{"line":74,"column":49}},"74":{"start":{"line":75,"column":0},"end":{"line":75,"column":53}},"75":{"start":{"line":76,"column":0},"end":{"line":76,"column":48}},"76":{"start":{"line":77,"column":0},"end":{"line":77,"column":50}},"77":{"start":{"line":78,"column":0},"end":{"line":78,"column":34}},"79":{"start":{"line":80,"column":0},"end":{"line":80,"column":52}},"80":{"start":{"line":81,"column":0},"end":{"line":81,"column":94}},"81":{"start":{"line":82,"column":0},"end":{"line":82,"column":39}},"82":{"start":{"line":83,"column":0},"end":{"line":83,"column":18}},"83":{"start":{"line":84,"column":0},"end":{"line":84,"column":3}},"85":{"start":{"line":86,"column":0},"end":{"line":86,"column":10}},"86":{"start":{"line":87,"column":0},"end":{"line":87,"column":16}},"87":{"start":{"line":88,"column":0},"end":{"line":88,"column":17}},"88":{"start":{"line":89,"column":0},"end":{"line":89,"column":19}},"89":{"start":{"line":90,"column":0},"end":{"line":90,"column":69}},"90":{"start":{"line":91,"column":0},"end":{"line":91,"column":40}},"91":{"start":{"line":92,"column":0},"end":{"line":92,"column":42}},"92":{"start":{"line":93,"column":0},"end":{"line":93,"column":6}},"94":{"start":{"line":95,"column":0},"end":{"line":95,"column":1}},"96":{"start":{"line":97,"column":0},"end":{"line":97,"column":23}},"97":{"start":{"line":98,"column":0},"end":{"line":98,"column":43}},"98":{"start":{"line":99,"column":0},"end":{"line":99,"column":77}},"99":{"start":{"line":100,"column":0},"end":{"line":100,"column":1}},"101":{"start":{"line":102,"column":0},"end":{"line":102,"column":58}},"102":{"start":{"line":103,"column":0},"end":{"line":103,"column":70}},"103":{"start":{"line":104,"column":0},"end":{"line":104,"column":69}},"105":{"start":{"line":106,"column":0},"end":{"line":106,"column":19}},"106":{"start":{"line":107,"column":0},"end":{"line":107,"column":25}},"107":{"start":{"line":108,"column":0},"end":{"line":108,"column":37}},"108":{"start":{"line":109,"column":0},"end":{"line":109,"column":24}},"109":{"start":{"line":110,"column":0},"end":{"line":110,"column":60}},"110":{"start":{"line":111,"column":0},"end":{"line":111,"column":8}},"111":{"start":{"line":112,"column":0},"end":{"line":112,"column":20}},"112":{"start":{"line":113,"column":0},"end":{"line":113,"column":53}},"113":{"start":{"line":114,"column":0},"end":{"line":114,"column":8}},"114":{"start":{"line":115,"column":0},"end":{"line":115,"column":18}},"115":{"start":{"line":116,"column":0},"end":{"line":116,"column":22}},"116":{"start":{"line":117,"column":0},"end":{"line":117,"column":5}},"117":{"start":{"line":118,"column":0},"end":{"line":118,"column":8}},"119":{"start":{"line":120,"column":0},"end":{"line":120,"column":35}},"120":{"start":{"line":121,"column":0},"end":{"line":121,"column":61}},"121":{"start":{"line":122,"column":0},"end":{"line":122,"column":3}},"123":{"start":{"line":124,"column":0},"end":{"line":124,"column":33}},"124":{"start":{"line":125,"column":0},"end":{"line":125,"column":12}},"125":{"start":{"line":126,"column":0},"end":{"line":126,"column":29}},"126":{"start":{"line":127,"column":0},"end":{"line":127,"column":67}},"127":{"start":{"line":128,"column":0},"end":{"line":128,"column":54}},"129":{"start":{"line":130,"column":0},"end":{"line":130,"column":17}},"130":{"start":{"line":131,"column":0},"end":{"line":131,"column":12}},"132":{"start":{"line":133,"column":0},"end":{"line":133,"column":3}},"134":{"start":{"line":135,"column":0},"end":{"line":135,"column":49}},"135":{"start":{"line":136,"column":0},"end":{"line":136,"column":41}},"137":{"start":{"line":138,"column":0},"end":{"line":138,"column":10}},"138":{"start":{"line":139,"column":0},"end":{"line":139,"column":16}},"139":{"start":{"line":140,"column":0},"end":{"line":140,"column":17}},"140":{"start":{"line":141,"column":0},"end":{"line":141,"column":26}},"141":{"start":{"line":142,"column":0},"end":{"line":142,"column":37}},"142":{"start":{"line":143,"column":0},"end":{"line":143,"column":38}},"143":{"start":{"line":144,"column":0},"end":{"line":144,"column":18}},"144":{"start":{"line":145,"column":0},"end":{"line":145,"column":96}},"146":{"start":{"line":147,"column":0},"end":{"line":147,"column":6}},"148":{"start":{"line":149,"column":0},"end":{"line":149,"column":1}}},"s":{"0":1,"8":1,"9":1,"21":10,"22":10,"23":10,"24":10,"25":0,"26":0,"27":10,"28":5,"29":5,"30":5,"31":5,"33":0,"34":0,"35":0,"36":0,"38":0,"39":0,"40":0,"41":0,"42":0,"44":0,"45":0,"47":0,"49":0,"50":0,"51":0,"52":0,"53":0,"54":0,"55":0,"56":0,"58":0,"59":0,"60":0,"61":0,"62":0,"63":0,"64":0,"65":0,"66":0,"68":0,"70":0,"72":5,"73":5,"74":5,"75":5,"76":5,"77":5,"79":5,"80":3,"81":3,"82":3,"83":3,"85":5,"86":5,"87":5,"88":5,"89":5,"90":5,"91":5,"92":5,"94":5,"96":6,"97":6,"98":6,"99":6,"101":12,"102":12,"103":12,"105":12,"106":6,"107":6,"108":6,"109":3,"110":6,"111":6,"112":2,"113":6,"114":6,"115":6,"116":6,"117":12,"119":12,"120":6,"121":6,"123":12,"124":2,"125":2,"126":2,"127":2,"129":2,"130":2,"132":2,"134":12,"135":12,"137":12,"138":12,"139":12,"140":12,"141":12,"142":12,"143":12,"144":12,"146":12,"148":12},"branchMap":{"0":{"type":"branch","line":22,"loc":{"start":{"line":22,"column":0},"end":{"line":32,"column":1}},"locations":[{"start":{"line":22,"column":0},"end":{"line":32,"column":1}}]},"1":{"type":"branch","line":25,"loc":{"start":{"line":25,"column":15},"end":{"line":27,"column":3}},"locations":[{"start":{"line":25,"column":15},"end":{"line":27,"column":3}}]},"2":{"type":"branch","line":28,"loc":{"start":{"line":28,"column":42},"end":{"line":32,"column":1}},"locations":[{"start":{"line":28,"column":42},"end":{"line":32,"column":1}}]},"3":{"type":"branch","line":73,"loc":{"start":{"line":73,"column":0},"end":{"line":95,"column":1}},"locations":[{"start":{"line":73,"column":0},"end":{"line":95,"column":1}}]},"4":{"type":"branch","line":74,"loc":{"start":{"line":74,"column":42},"end":{"line":74,"column":49}},"locations":[{"start":{"line":74,"column":42},"end":{"line":74,"column":49}}]},"5":{"type":"branch","line":75,"loc":{"start":{"line":75,"column":46},"end":{"line":75,"column":53}},"locations":[{"start":{"line":75,"column":46},"end":{"line":75,"column":53}}]},"6":{"type":"branch","line":77,"loc":{"start":{"line":77,"column":41},"end":{"line":77,"column":49}},"locations":[{"start":{"line":77,"column":41},"end":{"line":77,"column":49}}]},"7":{"type":"branch","line":90,"loc":{"start":{"line":90,"column":19},"end":{"line":90,"column":57}},"locations":[{"start":{"line":90,"column":19},"end":{"line":90,"column":57}}]},"8":{"type":"branch","line":80,"loc":{"start":{"line":80,"column":2},"end":{"line":84,"column":3}},"locations":[{"start":{"line":80,"column":2},"end":{"line":84,"column":3}}]},"9":{"type":"branch","line":91,"loc":{"start":{"line":91,"column":16},"end":{"line":91,"column":40}},"locations":[{"start":{"line":91,"column":16},"end":{"line":91,"column":40}}]},"10":{"type":"branch","line":92,"loc":{"start":{"line":92,"column":17},"end":{"line":92,"column":42}},"locations":[{"start":{"line":92,"column":17},"end":{"line":92,"column":42}}]},"11":{"type":"branch","line":97,"loc":{"start":{"line":97,"column":0},"end":{"line":100,"column":1}},"locations":[{"start":{"line":97,"column":0},"end":{"line":100,"column":1}}]},"12":{"type":"branch","line":99,"loc":{"start":{"line":99,"column":43},"end":{"line":99,"column":75}},"locations":[{"start":{"line":99,"column":43},"end":{"line":99,"column":75}}]},"13":{"type":"branch","line":99,"loc":{"start":{"line":99,"column":60},"end":{"line":99,"column":72}},"locations":[{"start":{"line":99,"column":60},"end":{"line":99,"column":72}}]},"14":{"type":"branch","line":102,"loc":{"start":{"line":102,"column":0},"end":{"line":149,"column":1}},"locations":[{"start":{"line":102,"column":0},"end":{"line":149,"column":1}}]},"15":{"type":"branch","line":120,"loc":{"start":{"line":120,"column":34},"end":{"line":124,"column":32}},"locations":[{"start":{"line":120,"column":34},"end":{"line":124,"column":32}}]},"16":{"type":"branch","line":124,"loc":{"start":{"line":124,"column":32},"end":{"line":133,"column":3}},"locations":[{"start":{"line":124,"column":32},"end":{"line":133,"column":3}}]},"17":{"type":"branch","line":133,"loc":{"start":{"line":133,"column":2},"end":{"line":135,"column":38}},"locations":[{"start":{"line":133,"column":2},"end":{"line":135,"column":38}}]},"18":{"type":"branch","line":135,"loc":{"start":{"line":135,"column":23},"end":{"line":135,"column":49}},"locations":[{"start":{"line":135,"column":23},"end":{"line":135,"column":49}}]},"19":{"type":"branch","line":145,"loc":{"start":{"line":145,"column":24},"end":{"line":145,"column":96}},"locations":[{"start":{"line":145,"column":24},"end":{"line":145,"column":96}}]},"20":{"type":"branch","line":106,"loc":{"start":{"line":106,"column":12},"end":{"line":118,"column":5}},"locations":[{"start":{"line":106,"column":12},"end":{"line":118,"column":5}}]},"21":{"type":"branch","line":109,"loc":{"start":{"line":109,"column":12},"end":{"line":111,"column":7}},"locations":[{"start":{"line":109,"column":12},"end":{"line":111,"column":7}}]},"22":{"type":"branch","line":112,"loc":{"start":{"line":112,"column":13},"end":{"line":114,"column":7}},"locations":[{"start":{"line":112,"column":13},"end":{"line":114,"column":7}}]},"23":{"type":"branch","line":115,"loc":{"start":{"line":115,"column":11},"end":{"line":117,"column":5}},"locations":[{"start":{"line":115,"column":11},"end":{"line":117,"column":5}}]}},"b":{"0":[10],"1":[0],"2":[5],"3":[5],"4":[0],"5":[0],"6":[0],"7":[0],"8":[3],"9":[2],"10":[1],"11":[6],"12":[1],"13":[1],"14":[12],"15":[6],"16":[2],"17":[4],"18":[3],"19":[4],"20":[6],"21":[3],"22":[2],"23":[6]},"fnMap":{"0":{"name":"App","decl":{"start":{"line":22,"column":0},"end":{"line":32,"column":1}},"loc":{"start":{"line":22,"column":0},"end":{"line":32,"column":1}},"line":22},"1":{"name":"PreviewView","decl":{"start":{"line":34,"column":0},"end":{"line":71,"column":1}},"loc":{"start":{"line":34,"column":0},"end":{"line":71,"column":1}},"line":34},"2":{"name":"InterceptView","decl":{"start":{"line":73,"column":0},"end":{"line":95,"column":1}},"loc":{"start":{"line":73,"column":0},"end":{"line":95,"column":1}},"line":73},"3":{"name":"respond","decl":{"start":{"line":80,"column":2},"end":{"line":84,"column":3}},"loc":{"start":{"line":80,"column":2},"end":{"line":84,"column":3}},"line":80},"4":{"name":"onCancel","decl":{"start":{"line":91,"column":16},"end":{"line":91,"column":40}},"loc":{"start":{"line":91,"column":16},"end":{"line":91,"column":40}},"line":91},"5":{"name":"onProceed","decl":{"start":{"line":92,"column":17},"end":{"line":92,"column":42}},"loc":{"start":{"line":92,"column":17},"end":{"line":92,"column":42}},"line":92},"6":{"name":"DevPreview","decl":{"start":{"line":97,"column":0},"end":{"line":100,"column":1}},"loc":{"start":{"line":97,"column":0},"end":{"line":100,"column":1}},"line":97},"7":{"name":"onRetry","decl":{"start":{"line":99,"column":43},"end":{"line":99,"column":75}},"loc":{"start":{"line":99,"column":43},"end":{"line":99,"column":75}},"line":99},"8":{"name":"ScoreView","decl":{"start":{"line":102,"column":0},"end":{"line":149,"column":1}},"loc":{"start":{"line":102,"column":0},"end":{"line":149,"column":1}},"line":102},"9":{"name":"onCancel","decl":{"start":{"line":142,"column":16},"end":{"line":142,"column":37}},"loc":{"start":{"line":142,"column":16},"end":{"line":142,"column":37}},"line":142},"10":{"name":"onProceed","decl":{"start":{"line":143,"column":17},"end":{"line":143,"column":38}},"loc":{"start":{"line":143,"column":17},"end":{"line":143,"column":38}},"line":143}},"f":{"0":10,"1":0,"2":5,"3":3,"4":2,"5":1,"6":6,"7":1,"8":12,"9":0,"10":0}}
,"/Users/macbook/grantfox/grydlock-extension/src/popup/DevScoreSlider.tsx": {"path":"/Users/macbook/grantfox/grydlock-extension/src/popup/DevScoreSlider.tsx","all":false,"statementMap":{"0":{"start":{"line":1,"column":0},"end":{"line":1,"column":31}},"5":{"start":{"line":6,"column":0},"end":{"line":6,"column":82}},"6":{"start":{"line":7,"column":0},"end":{"line":7,"column":10}},"7":{"start":{"line":8,"column":0},"end":{"line":8,"column":32}},"8":{"start":{"line":9,"column":0},"end":{"line":9,"column":70}},"9":{"start":{"line":10,"column":0},"end":{"line":10,"column":12}},"10":{"start":{"line":11,"column":0},"end":{"line":11,"column":22}},"11":{"start":{"line":12,"column":0},"end":{"line":12,"column":20}},"12":{"start":{"line":13,"column":0},"end":{"line":13,"column":15}},"13":{"start":{"line":14,"column":0},"end":{"line":14,"column":17}},"14":{"start":{"line":15,"column":0},"end":{"line":15,"column":21}},"15":{"start":{"line":16,"column":0},"end":{"line":16,"column":58}},"16":{"start":{"line":17,"column":0},"end":{"line":17,"column":8}},"17":{"start":{"line":18,"column":0},"end":{"line":18,"column":10}},"19":{"start":{"line":20,"column":0},"end":{"line":20,"column":1}}},"s":{"0":1,"5":5,"6":5,"7":5,"8":5,"9":5,"10":5,"11":5,"12":5,"13":5,"14":5,"15":5,"16":5,"17":5,"19":5},"branchMap":{"0":{"type":"branch","line":6,"loc":{"start":{"line":6,"column":0},"end":{"line":20,"column":1}},"locations":[{"start":{"line":6,"column":0},"end":{"line":20,"column":1}}]},"1":{"type":"branch","line":16,"loc":{"start":{"line":16,"column":18},"end":{"line":16,"column":58}},"locations":[{"start":{"line":16,"column":18},"end":{"line":16,"column":58}}]}},"b":{"0":[5],"1":[1]},"fnMap":{"0":{"name":"DevScoreSlider","decl":{"start":{"line":6,"column":0},"end":{"line":20,"column":1}},"loc":{"start":{"line":6,"column":0},"end":{"line":20,"column":1}},"line":6},"1":{"name":"onChange","decl":{"start":{"line":16,"column":18},"end":{"line":16,"column":58}},"loc":{"start":{"line":16,"column":18},"end":{"line":16,"column":58}},"line":16}},"f":{"0":5,"1":1}}
,"/Users/macbook/grantfox/grydlock-extension/src/popup/TierWarning.tsx": {"path":"/Users/macbook/grantfox/grydlock-extension/src/popup/TierWarning.tsx","all":false,"statementMap":{"0":{"start":{"line":1,"column":0},"end":{"line":1,"column":58}},"13":{"start":{"line":14,"column":0},"end":{"line":14,"column":28}},"14":{"start":{"line":15,"column":0},"end":{"line":15,"column":12}},"15":{"start":{"line":16,"column":0},"end":{"line":16,"column":27}},"16":{"start":{"line":17,"column":0},"end":{"line":17,"column":26}},"17":{"start":{"line":18,"column":0},"end":{"line":18,"column":27}},"18":{"start":{"line":19,"column":0},"end":{"line":19,"column":29}},"19":{"start":{"line":20,"column":0},"end":{"line":20,"column":36}},"20":{"start":{"line":21,"column":0},"end":{"line":21,"column":11}},"22":{"start":{"line":23,"column":0},"end":{"line":23,"column":65}},"23":{"start":{"line":24,"column":0},"end":{"line":24,"column":88}},"24":{"start":{"line":25,"column":0},"end":{"line":25,"column":84}},"25":{"start":{"line":26,"column":0},"end":{"line":26,"column":3}},"26":{"start":{"line":27,"column":0},"end":{"line":27,"column":1}},"28":{"start":{"line":29,"column":0},"end":{"line":29,"column":37}},"29":{"start":{"line":30,"column":0},"end":{"line":30,"column":7}},"30":{"start":{"line":31,"column":0},"end":{"line":31,"column":8}},"31":{"start":{"line":32,"column":0},"end":{"line":32,"column":14}},"32":{"start":{"line":33,"column":0},"end":{"line":33,"column":11}},"33":{"start":{"line":34,"column":0},"end":{"line":34,"column":12}},"34":{"start":{"line":35,"column":0},"end":{"line":35,"column":13}},"35":{"start":{"line":36,"column":0},"end":{"line":36,"column":22}},"36":{"start":{"line":37,"column":0},"end":{"line":37,"column":48}},"37":{"start":{"line":38,"column":0},"end":{"line":38,"column":51}},"38":{"start":{"line":39,"column":0},"end":{"line":39,"column":31}},"39":{"start":{"line":40,"column":0},"end":{"line":40,"column":35}},"40":{"start":{"line":41,"column":0},"end":{"line":41,"column":59}},"41":{"start":{"line":42,"column":0},"end":{"line":42,"column":70}},"42":{"start":{"line":43,"column":0},"end":{"line":43,"column":55}},"43":{"start":{"line":44,"column":0},"end":{"line":44,"column":63}},"44":{"start":{"line":45,"column":0},"end":{"line":45,"column":49}},"45":{"start":{"line":46,"column":0},"end":{"line":46,"column":24}},"46":{"start":{"line":47,"column":0},"end":{"line":47,"column":62}},"47":{"start":{"line":48,"column":0},"end":{"line":48,"column":12}},"48":{"start":{"line":49,"column":0},"end":{"line":49,"column":32}},"49":{"start":{"line":50,"column":0},"end":{"line":50,"column":23}},"50":{"start":{"line":51,"column":0},"end":{"line":51,"column":70}},"53":{"start":{"line":54,"column":0},"end":{"line":54,"column":26}},"54":{"start":{"line":55,"column":0},"end":{"line":55,"column":52}},"55":{"start":{"line":56,"column":0},"end":{"line":56,"column":25}},"56":{"start":{"line":57,"column":0},"end":{"line":57,"column":26}},"57":{"start":{"line":58,"column":0},"end":{"line":58,"column":29}},"59":{"start":{"line":60,"column":0},"end":{"line":60,"column":19}},"60":{"start":{"line":61,"column":0},"end":{"line":61,"column":30}},"61":{"start":{"line":62,"column":0},"end":{"line":62,"column":8}},"63":{"start":{"line":64,"column":0},"end":{"line":64,"column":19}},"64":{"start":{"line":65,"column":0},"end":{"line":65,"column":69}},"65":{"start":{"line":66,"column":0},"end":{"line":66,"column":54}},"66":{"start":{"line":67,"column":0},"end":{"line":67,"column":14}},"67":{"start":{"line":68,"column":0},"end":{"line":68,"column":7}},"69":{"start":{"line":70,"column":0},"end":{"line":70,"column":64}},"70":{"start":{"line":71,"column":0},"end":{"line":71,"column":30}},"71":{"start":{"line":72,"column":0},"end":{"line":72,"column":34}},"72":{"start":{"line":73,"column":0},"end":{"line":73,"column":7}},"73":{"start":{"line":74,"column":0},"end":{"line":74,"column":5}},"75":{"start":{"line":76,"column":0},"end":{"line":76,"column":63}},"76":{"start":{"line":77,"column":0},"end":{"line":77,"column":79}},"77":{"start":{"line":78,"column":0},"end":{"line":78,"column":8}},"79":{"start":{"line":80,"column":0},"end":{"line":80,"column":64}},"80":{"start":{"line":81,"column":0},"end":{"line":81,"column":33}},"81":{"start":{"line":82,"column":0},"end":{"line":82,"column":16}},"82":{"start":{"line":83,"column":0},"end":{"line":83,"column":12}},"83":{"start":{"line":84,"column":0},"end":{"line":84,"column":5}},"85":{"start":{"line":86,"column":0},"end":{"line":86,"column":52}},"86":{"start":{"line":87,"column":0},"end":{"line":87,"column":12}},"87":{"start":{"line":88,"column":0},"end":{"line":88,"column":5}},"89":{"start":{"line":90,"column":0},"end":{"line":90,"column":56}},"90":{"start":{"line":91,"column":0},"end":{"line":91,"column":33}},"91":{"start":{"line":92,"column":0},"end":{"line":92,"column":12}},"92":{"start":{"line":93,"column":0},"end":{"line":93,"column":5}},"94":{"start":{"line":95,"column":0},"end":{"line":95,"column":81}},"95":{"start":{"line":96,"column":0},"end":{"line":96,"column":36}},"96":{"start":{"line":97,"column":0},"end":{"line":97,"column":25}},"97":{"start":{"line":98,"column":0},"end":{"line":98,"column":30}},"98":{"start":{"line":99,"column":0},"end":{"line":99,"column":26}},"99":{"start":{"line":100,"column":0},"end":{"line":100,"column":68}},"100":{"start":{"line":101,"column":0},"end":{"line":101,"column":11}},"101":{"start":{"line":102,"column":0},"end":{"line":102,"column":26}},"103":{"start":{"line":104,"column":0},"end":{"line":104,"column":26}},"104":{"start":{"line":105,"column":0},"end":{"line":105,"column":32}},"105":{"start":{"line":106,"column":0},"end":{"line":106,"column":3}},"107":{"start":{"line":108,"column":0},"end":{"line":108,"column":10}},"108":{"start":{"line":109,"column":0},"end":{"line":109,"column":8}},"109":{"start":{"line":110,"column":0},"end":{"line":110,"column":21}},"110":{"start":{"line":111,"column":0},"end":{"line":111,"column":23}},"111":{"start":{"line":112,"column":0},"end":{"line":112,"column":27}},"112":{"start":{"line":113,"column":0},"end":{"line":113,"column":19}},"113":{"start":{"line":114,"column":0},"end":{"line":114,"column":23}},"114":{"start":{"line":115,"column":0},"end":{"line":115,"column":42}},"115":{"start":{"line":116,"column":0},"end":{"line":116,"column":39}},"116":{"start":{"line":117,"column":0},"end":{"line":117,"column":31}},"117":{"start":{"line":118,"column":0},"end":{"line":118,"column":13}},"118":{"start":{"line":119,"column":0},"end":{"line":119,"column":9}},"119":{"start":{"line":120,"column":0},"end":{"line":120,"column":45}},"120":{"start":{"line":121,"column":0},"end":{"line":121,"column":48}},"121":{"start":{"line":122,"column":0},"end":{"line":122,"column":26}},"125":{"start":{"line":126,"column":0},"end":{"line":126,"column":56}},"126":{"start":{"line":127,"column":0},"end":{"line":127,"column":55}},"127":{"start":{"line":128,"column":0},"end":{"line":128,"column":21}},"128":{"start":{"line":129,"column":0},"end":{"line":129,"column":20}},"129":{"start":{"line":130,"column":0},"end":{"line":130,"column":25}},"130":{"start":{"line":131,"column":0},"end":{"line":131,"column":11}},"131":{"start":{"line":132,"column":0},"end":{"line":132,"column":97}},"132":{"start":{"line":133,"column":0},"end":{"line":133,"column":69}},"133":{"start":{"line":134,"column":0},"end":{"line":134,"column":73}},"134":{"start":{"line":135,"column":0},"end":{"line":135,"column":36}},"135":{"start":{"line":136,"column":0},"end":{"line":136,"column":89}},"136":{"start":{"line":137,"column":0},"end":{"line":137,"column":16}},"137":{"start":{"line":138,"column":0},"end":{"line":138,"column":30}},"138":{"start":{"line":139,"column":0},"end":{"line":139,"column":27}},"139":{"start":{"line":140,"column":0},"end":{"line":140,"column":35}},"140":{"start":{"line":141,"column":0},"end":{"line":141,"column":72}},"141":{"start":{"line":142,"column":0},"end":{"line":142,"column":12}},"142":{"start":{"line":143,"column":0},"end":{"line":143,"column":79}},"143":{"start":{"line":144,"column":0},"end":{"line":144,"column":16}},"145":{"start":{"line":146,"column":0},"end":{"line":146,"column":40}},"146":{"start":{"line":147,"column":0},"end":{"line":147,"column":44}},"147":{"start":{"line":148,"column":0},"end":{"line":148,"column":45}},"148":{"start":{"line":149,"column":0},"end":{"line":149,"column":69}},"149":{"start":{"line":150,"column":0},"end":{"line":150,"column":18}},"150":{"start":{"line":151,"column":0},"end":{"line":151,"column":16}},"151":{"start":{"line":152,"column":0},"end":{"line":152,"column":34}},"152":{"start":{"line":153,"column":0},"end":{"line":153,"column":42}},"153":{"start":{"line":154,"column":0},"end":{"line":154,"column":23}},"154":{"start":{"line":155,"column":0},"end":{"line":155,"column":40}},"155":{"start":{"line":156,"column":0},"end":{"line":156,"column":77}},"156":{"start":{"line":157,"column":0},"end":{"line":157,"column":30}},"157":{"start":{"line":158,"column":0},"end":{"line":158,"column":30}},"158":{"start":{"line":159,"column":0},"end":{"line":159,"column":12}},"159":{"start":{"line":160,"column":0},"end":{"line":160,"column":14}},"161":{"start":{"line":162,"column":0},"end":{"line":162,"column":31}},"162":{"start":{"line":163,"column":0},"end":{"line":163,"column":70}},"164":{"start":{"line":165,"column":0},"end":{"line":165,"column":17}},"165":{"start":{"line":166,"column":0},"end":{"line":166,"column":83}},"167":{"start":{"line":168,"column":0},"end":{"line":168,"column":17}},"168":{"start":{"line":169,"column":0},"end":{"line":169,"column":12}},"169":{"start":{"line":170,"column":0},"end":{"line":170,"column":18}},"170":{"start":{"line":171,"column":0},"end":{"line":171,"column":10}},"172":{"start":{"line":173,"column":0},"end":{"line":173,"column":1}}},"s":{"0":1,"13":1,"14":1,"15":1,"16":1,"17":1,"18":1,"19":1,"20":1,"22":15,"23":15,"24":15,"25":15,"26":15,"28":29,"29":29,"30":29,"31":29,"32":29,"33":29,"34":29,"35":29,"36":29,"37":29,"38":29,"39":29,"40":29,"41":29,"42":29,"43":29,"44":29,"45":29,"46":29,"47":12,"48":17,"49":2,"50":15,"53":29,"54":29,"55":29,"56":29,"57":29,"59":29,"60":28,"61":29,"63":29,"64":28,"65":28,"66":12,"67":12,"69":27,"70":1,"71":1,"72":1,"73":28,"75":28,"76":28,"77":29,"79":29,"80":27,"81":6,"82":6,"83":6,"85":27,"86":6,"87":6,"89":15,"90":26,"91":0,"92":0,"94":15,"95":15,"96":2,"97":1,"98":1,"99":13,"100":5,"101":8,"103":27,"104":27,"105":27,"107":29,"108":29,"109":29,"110":29,"111":29,"112":29,"113":29,"114":29,"115":29,"116":29,"117":29,"118":29,"119":29,"120":29,"121":29,"125":29,"126":29,"127":29,"128":29,"129":29,"130":29,"131":29,"132":29,"133":29,"134":29,"135":2,"136":2,"137":2,"138":2,"139":2,"140":2,"141":2,"142":2,"143":2,"145":29,"146":15,"147":15,"148":15,"149":15,"150":15,"151":15,"152":15,"153":15,"154":15,"155":15,"156":15,"157":15,"158":15,"159":15,"161":29,"162":29,"164":29,"165":29,"167":29,"168":29,"169":29,"170":29,"172":29},"branchMap":{"0":{"type":"branch","line":23,"loc":{"start":{"line":23,"column":0},"end":{"line":27,"column":1}},"locations":[{"start":{"line":23,"column":0},"end":{"line":27,"column":1}}]},"1":{"type":"branch","line":25,"loc":{"start":{"line":25,"column":4},"end":{"line":25,"column":84}},"locations":[{"start":{"line":25,"column":4},"end":{"line":25,"column":84}}]},"2":{"type":"branch","line":29,"loc":{"start":{"line":29,"column":0},"end":{"line":173,"column":1}},"locations":[{"start":{"line":29,"column":0},"end":{"line":173,"column":1}}]},"3":{"type":"branch","line":47,"loc":{"start":{"line":47,"column":5},"end":{"line":47,"column":62}},"locations":[{"start":{"line":47,"column":5},"end":{"line":47,"column":62}}]},"4":{"type":"branch","line":47,"loc":{"start":{"line":47,"column":34},"end":{"line":48,"column":12}},"locations":[{"start":{"line":47,"column":34},"end":{"line":48,"column":12}}]},"5":{"type":"branch","line":48,"loc":{"start":{"line":48,"column":8},"end":{"line":51,"column":70}},"locations":[{"start":{"line":48,"column":8},"end":{"line":51,"column":70}}]},"6":{"type":"branch","line":49,"loc":{"start":{"line":49,"column":8},"end":{"line":50,"column":23}},"locations":[{"start":{"line":49,"column":8},"end":{"line":50,"column":23}}]},"7":{"type":"branch","line":50,"loc":{"start":{"line":50,"column":10},"end":{"line":51,"column":70}},"locations":[{"start":{"line":50,"column":10},"end":{"line":51,"column":70}}]},"8":{"type":"branch","line":55,"loc":{"start":{"line":55,"column":4},"end":{"line":55,"column":47}},"locations":[{"start":{"line":55,"column":4},"end":{"line":55,"column":47}}]},"9":{"type":"branch","line":55,"loc":{"start":{"line":55,"column":18},"end":{"line":55,"column":52}},"locations":[{"start":{"line":55,"column":18},"end":{"line":55,"column":52}}]},"10":{"type":"branch","line":132,"loc":{"start":{"line":132,"column":7},"end":{"line":132,"column":97}},"locations":[{"start":{"line":132,"column":7},"end":{"line":132,"column":97}}]},"11":{"type":"branch","line":135,"loc":{"start":{"line":135,"column":7},"end":{"line":144,"column":16}},"locations":[{"start":{"line":135,"column":7},"end":{"line":144,"column":16}}]},"12":{"type":"branch","line":146,"loc":{"start":{"line":146,"column":7},"end":{"line":160,"column":14}},"locations":[{"start":{"line":146,"column":7},"end":{"line":160,"column":14}}]},"13":{"type":"branch","line":60,"loc":{"start":{"line":60,"column":12},"end":{"line":62,"column":5}},"locations":[{"start":{"line":60,"column":12},"end":{"line":62,"column":5}}]},"14":{"type":"branch","line":64,"loc":{"start":{"line":64,"column":12},"end":{"line":78,"column":5}},"locations":[{"start":{"line":64,"column":12},"end":{"line":78,"column":5}}]},"15":{"type":"branch","line":65,"loc":{"start":{"line":65,"column":4},"end":{"line":74,"column":5}},"locations":[{"start":{"line":65,"column":4},"end":{"line":74,"column":5}}]},"16":{"type":"branch","line":66,"loc":{"start":{"line":66,"column":24},"end":{"line":66,"column":53}},"locations":[{"start":{"line":66,"column":24},"end":{"line":66,"column":53}}]},"17":{"type":"branch","line":66,"loc":{"start":{"line":66,"column":53},"end":{"line":68,"column":7}},"locations":[{"start":{"line":66,"column":53},"end":{"line":68,"column":7}}]},"18":{"type":"branch","line":68,"loc":{"start":{"line":68,"column":6},"end":{"line":73,"column":7}},"locations":[{"start":{"line":68,"column":6},"end":{"line":73,"column":7}}]},"19":{"type":"branch","line":68,"loc":{"start":{"line":68,"column":6},"end":{"line":70,"column":63}},"locations":[{"start":{"line":68,"column":6},"end":{"line":70,"column":63}}]},"20":{"type":"branch","line":70,"loc":{"start":{"line":70,"column":63},"end":{"line":73,"column":7}},"locations":[{"start":{"line":70,"column":63},"end":{"line":73,"column":7}}]},"21":{"type":"branch","line":77,"loc":{"start":{"line":77,"column":11},"end":{"line":77,"column":79}},"locations":[{"start":{"line":77,"column":11},"end":{"line":77,"column":79}}]},"22":{"type":"branch","line":80,"loc":{"start":{"line":80,"column":2},"end":{"line":106,"column":3}},"locations":[{"start":{"line":80,"column":2},"end":{"line":106,"column":3}}]},"23":{"type":"branch","line":81,"loc":{"start":{"line":81,"column":32},"end":{"line":84,"column":5}},"locations":[{"start":{"line":81,"column":32},"end":{"line":84,"column":5}}]},"24":{"type":"branch","line":84,"loc":{"start":{"line":84,"column":4},"end":{"line":86,"column":51}},"locations":[{"start":{"line":84,"column":4},"end":{"line":86,"column":51}}]},"25":{"type":"branch","line":84,"loc":{"start":{"line":84,"column":4},"end":{"line":86,"column":31}},"locations":[{"start":{"line":84,"column":4},"end":{"line":86,"column":31}}]},"26":{"type":"branch","line":86,"loc":{"start":{"line":86,"column":22},"end":{"line":86,"column":51}},"locations":[{"start":{"line":86,"column":22},"end":{"line":86,"column":51}}]},"27":{"type":"branch","line":86,"loc":{"start":{"line":86,"column":51},"end":{"line":99,"column":26}},"locations":[{"start":{"line":86,"column":51},"end":{"line":99,"column":26}}]},"28":{"type":"branch","line":86,"loc":{"start":{"line":86,"column":51},"end":{"line":88,"column":5}},"locations":[{"start":{"line":86,"column":51},"end":{"line":88,"column":5}}]},"29":{"type":"branch","line":88,"loc":{"start":{"line":88,"column":4},"end":{"line":91,"column":32}},"locations":[{"start":{"line":88,"column":4},"end":{"line":91,"column":32}}]},"30":{"type":"branch","line":91,"loc":{"start":{"line":91,"column":32},"end":{"line":93,"column":5}},"locations":[{"start":{"line":91,"column":32},"end":{"line":93,"column":5}}]},"31":{"type":"branch","line":93,"loc":{"start":{"line":93,"column":4},"end":{"line":96,"column":36}},"locations":[{"start":{"line":93,"column":4},"end":{"line":96,"column":36}}]},"32":{"type":"branch","line":96,"loc":{"start":{"line":96,"column":28},"end":{"line":99,"column":26}},"locations":[{"start":{"line":96,"column":28},"end":{"line":99,"column":26}}]},"33":{"type":"branch","line":97,"loc":{"start":{"line":97,"column":24},"end":{"line":98,"column":30}},"locations":[{"start":{"line":97,"column":24},"end":{"line":98,"column":30}}]},"34":{"type":"branch","line":98,"loc":{"start":{"line":98,"column":29},"end":{"line":99,"column":26}},"locations":[{"start":{"line":98,"column":29},"end":{"line":99,"column":26}}]},"35":{"type":"branch","line":99,"loc":{"start":{"line":99,"column":25},"end":{"line":102,"column":26}},"locations":[{"start":{"line":99,"column":25},"end":{"line":102,"column":26}}]},"36":{"type":"branch","line":100,"loc":{"start":{"line":100,"column":67},"end":{"line":101,"column":11}},"locations":[{"start":{"line":100,"column":67},"end":{"line":101,"column":11}}]},"37":{"type":"branch","line":101,"loc":{"start":{"line":101,"column":10},"end":{"line":102,"column":26}},"locations":[{"start":{"line":101,"column":10},"end":{"line":102,"column":26}}]}},"b":{"0":[15],"1":[33],"2":[29],"3":[27],"4":[12],"5":[17],"6":[2],"7":[15],"8":[25],"9":[4],"10":[25],"11":[2],"12":[15],"13":[28],"14":[28],"15":[28],"16":[16],"17":[12],"18":[27],"19":[16],"20":[1],"21":[28],"22":[27],"23":[6],"24":[26],"25":[21],"26":[15],"27":[26],"28":[6],"29":[15],"30":[0],"31":[15],"32":[2],"33":[1],"34":[1],"35":[13],"36":[5],"37":[8]},"fnMap":{"0":{"name":"focusableWithin","decl":{"start":{"line":23,"column":0},"end":{"line":27,"column":1}},"loc":{"start":{"line":23,"column":0},"end":{"line":27,"column":1}},"line":23},"1":{"name":"TierWarning","decl":{"start":{"line":29,"column":0},"end":{"line":173,"column":1}},"loc":{"start":{"line":29,"column":0},"end":{"line":173,"column":1}},"line":29},"2":{"name":"handleDocumentKeyDown","decl":{"start":{"line":65,"column":4},"end":{"line":74,"column":5}},"loc":{"start":{"line":65,"column":4},"end":{"line":74,"column":5}},"line":65},"3":{"name":"handleKeyDown","decl":{"start":{"line":80,"column":2},"end":{"line":106,"column":3}},"loc":{"start":{"line":80,"column":2},"end":{"line":106,"column":3}},"line":80},"4":{"name":"onChange","decl":{"start":{"line":141,"column":22},"end":{"line":141,"column":72}},"loc":{"start":{"line":141,"column":22},"end":{"line":141,"column":72}},"line":141},"5":{"name":"onChange","decl":{"start":{"line":156,"column":22},"end":{"line":156,"column":77}},"loc":{"start":{"line":156,"column":22},"end":{"line":156,"column":77}},"line":156}},"f":{"0":15,"1":29,"2":28,"3":27,"4":0,"5":0}}
}
